<?xml version="1.0" encoding="UTF-8"?>
<!-- Generated by org.testng.reporters.JUnitReportReporter -->
<testsuite skipped="0" hostname="Pradeep-bb" name="com.application.tests.Sign" tests="1" failures="0" timestamp="2019-09-25T11:54:00 IST" time="45.062" errors="0">
  <testcase name="testSign" time="45.062" classname="com.application.tests.Sign"/>
</testsuite> <!-- com.application.tests.Sign -->
